<?xml version="1.0" encoding="UTF-8"?>
<testng-results skipped="0" failed="0" ignored="0" total="1" passed="1">
  <reporter-output>
  </reporter-output>
  <suite name="Default suite" duration-ms="12602" started-at="2019-01-24T12:33:53Z" finished-at="2019-01-24T12:34:05Z">
    <groups>
    </groups>
    <test name="Default test" duration-ms="12602" started-at="2019-01-24T12:33:53Z" finished-at="2019-01-24T12:34:05Z">
      <class name="com.sqp.Demo">
        <test-method status="PASS" signature="test()[pri:0, instance:com.sqp.Demo@78c730]" name="test" duration-ms="12559" started-at="2019-01-24T12:33:53Z" finished-at="2019-01-24T12:34:05Z">
          <reporter-output>
          </reporter-output>
        </test-method> <!-- test -->
      </class> <!-- com.sqp.Demo -->
    </test> <!-- Default test -->
  </suite> <!-- Default suite -->
</testng-results>
